<?xml version="1.0" encoding="UTF-8"?>
<!-- Generated by org.testng.reporters.JUnitXMLReporter -->
<testsuite ignored="7" hostname="DESKTOP-PSE4TJ8" failures="1" tests="1" name="Default test" time="16.246" errors="0" timestamp="2021-05-15T16:46:56 ICT">
  <testcase classname="com.poly.CustomerControllerTest" name="successUpdateUserTest" time="0.215">
    <failure type="com.fasterxml.jackson.core.io.JsonEOFException" message="Unexpected end-of-input: expected close marker for Object (start marker at [Source: (String)&amp;quot;{&amp;quot;id&amp;quot;:&amp;quot;2&amp;quot;,&amp;quot;firstName&amp;quot;:&amp;quot;Phong&amp;quot;,&amp;quot;lastName&amp;quot;:&amp;quot;Nguyễn&amp;quot;,&amp;quot;birthday&amp;quot;:&amp;quot;1999-09-13&amp;quot;,&amp;quot;gender&amp;quot;:&amp;quot;1&amp;quot;,&amp;quot;email&amp;quot;:&amp;quot;phongcnc@gmail.com&amp;quot;,&amp;quot;phone&amp;quot;:&amp;quot;0978665412&amp;quot;,&amp;quot;address&amp;quot;:&amp;quot;108/7ANguyễnBỉnhKhiêm&amp;quot;&amp;quot;; line: 1, column: 1])
 at [Source: (String)&amp;quot;{&amp;quot;id&amp;quot;:&amp;quot;2&amp;quot;,&amp;quot;firstName&amp;quot;:&amp;quot;Phong&amp;quot;,&amp;quot;lastName&amp;quot;:&amp;quot;Nguyễn&amp;quot;,&amp;quot;birthday&amp;quot;:&amp;quot;1999-09-13&amp;quot;,&amp;quot;gender&amp;quot;:&amp;quot;1&amp;quot;,&amp;quot;email&amp;quot;:&amp;quot;phongcnc@gmail.com&amp;quot;,&amp;quot;phone&amp;quot;:&amp;quot;0978665412&amp;quot;,&amp;quot;address&amp;quot;:&amp;quot;108/7ANguyễnBỉnhKhiêm&amp;quot;&amp;quot;; line: 1, column: 171]">
      <![CDATA[com.fasterxml.jackson.core.io.JsonEOFException: Unexpected end-of-input: expected close marker for Object (start marker at [Source: (String)"{"id":"2","firstName":"Phong","lastName":"Nguyễn","birthday":"1999-09-13","gender":"1","email":"phongcnc@gmail.com","phone":"0978665412","address":"108/7ANguyễnBỉnhKhiêm""; line: 1, column: 1])
 at [Source: (String)"{"id":"2","firstName":"Phong","lastName":"Nguyễn","birthday":"1999-09-13","gender":"1","email":"phongcnc@gmail.com","phone":"0978665412","address":"108/7ANguyễnBỉnhKhiêm""; line: 1, column: 171]
at com.fasterxml.jackson.core.base.ParserMinimalBase._reportInvalidEOF(ParserMinimalBase.java:659)
at com.fasterxml.jackson.core.base.ParserBase._handleEOF(ParserBase.java:486)
at com.fasterxml.jackson.core.base.ParserBase._eofAsNextChar(ParserBase.java:498)
at com.fasterxml.jackson.core.json.ReaderBasedJsonParser._skipWSOrEnd(ReaderBasedJsonParser.java:2385)
at com.fasterxml.jackson.core.json.ReaderBasedJsonParser.nextFieldName(ReaderBasedJsonParser.java:909)
at com.fasterxml.jackson.databind.deser.BeanDeserializer.deserializeFromObject(BeanDeserializer.java:378)
at com.fasterxml.jackson.databind.deser.BeanDeserializer.deserialize(BeanDeserializer.java:164)
at com.fasterxml.jackson.databind.ObjectMapper._readMapAndClose(ObjectMapper.java:4526)
at com.fasterxml.jackson.databind.ObjectMapper.readValue(ObjectMapper.java:3468)
at com.fasterxml.jackson.databind.ObjectMapper.readValue(ObjectMapper.java:3436)
at com.poly.CustomerControllerTest.successUpdateUserTest(CustomerControllerTest.java:168)
at java.base/jdk.internal.reflect.NativeMethodAccessorImpl.invoke0(Native Method)
at java.base/jdk.internal.reflect.NativeMethodAccessorImpl.invoke(NativeMethodAccessorImpl.java:62)
at java.base/jdk.internal.reflect.DelegatingMethodAccessorImpl.invoke(DelegatingMethodAccessorImpl.java:43)
at java.base/java.lang.reflect.Method.invoke(Method.java:566)
at org.testng.internal.MethodInvocationHelper.invokeMethod(MethodInvocationHelper.java:133)
at org.testng.internal.MethodInvocationHelper$1.runTestMethod(MethodInvocationHelper.java:239)
at org.springframework.test.context.testng.AbstractTestNGSpringContextTests.run(AbstractTestNGSpringContextTests.java:181)
at org.testng.internal.MethodInvocationHelper.invokeHookable(MethodInvocationHelper.java:253)
at org.testng.internal.TestInvoker.invokeMethod(TestInvoker.java:594)
at org.testng.internal.TestInvoker.invokeTestMethod(TestInvoker.java:173)
at org.testng.internal.MethodRunner.runInSequence(MethodRunner.java:46)
at org.testng.internal.TestInvoker$MethodInvocationAgent.invoke(TestInvoker.java:824)
at org.testng.internal.TestInvoker.invokeTestMethods(TestInvoker.java:146)
at org.testng.internal.TestMethodWorker.invokeTestMethods(TestMethodWorker.java:146)
at org.testng.internal.TestMethodWorker.run(TestMethodWorker.java:128)
at java.base/java.util.ArrayList.forEach(ArrayList.java:1541)
at org.testng.TestRunner.privateRun(TestRunner.java:794)
at org.testng.TestRunner.run(TestRunner.java:596)
at org.testng.SuiteRunner.runTest(SuiteRunner.java:377)
at org.testng.SuiteRunner.runSequentially(SuiteRunner.java:371)
at org.testng.SuiteRunner.privateRun(SuiteRunner.java:332)
at org.testng.SuiteRunner.run(SuiteRunner.java:276)
at org.testng.SuiteRunnerWorker.runSuite(SuiteRunnerWorker.java:53)
at org.testng.SuiteRunnerWorker.run(SuiteRunnerWorker.java:96)
at org.testng.TestNG.runSuitesSequentially(TestNG.java:1212)
at org.testng.TestNG.runSuitesLocally(TestNG.java:1134)
at org.testng.TestNG.runSuites(TestNG.java:1063)
at org.testng.TestNG.run(TestNG.java:1031)
at org.testng.remote.AbstractRemoteTestNG.run(AbstractRemoteTestNG.java:115)
at org.testng.remote.RemoteTestNG.initAndRun(RemoteTestNG.java:251)
at org.testng.remote.RemoteTestNG.main(RemoteTestNG.java:77)
]]>
    </failure>
  </testcase> <!-- successUpdateUserTest -->
  <testcase classname="com.poly.CustomerControllerTest" name="whenIdNotExists_ThenUpdateUserReturn404" time="0.0">
    <ignored/>
  </testcase> <!-- whenIdNotExists_ThenUpdateUserReturn404 -->
  <testcase classname="com.poly.CustomerControllerTest" name="successfulRegisterTest" time="0.0">
    <ignored/>
  </testcase> <!-- successfulRegisterTest -->
  <testcase classname="com.poly.CustomerControllerTest" name="registerViewTest" time="0.0">
    <ignored/>
  </testcase> <!-- registerViewTest -->
  <testcase classname="com.poly.CustomerControllerTest" name="currentUserTest" time="0.0">
    <ignored/>
  </testcase> <!-- currentUserTest -->
  <testcase classname="com.poly.CustomerControllerTest" name="historyTest" time="0.0">
    <ignored/>
  </testcase> <!-- historyTest -->
  <testcase classname="com.poly.CustomerControllerTest" name="whenPhoneIsNull_ThenRegisterReturn400" time="0.0">
    <ignored/>
  </testcase> <!-- whenPhoneIsNull_ThenRegisterReturn400 -->
  <testcase classname="com.poly.CustomerControllerTest" name="bookingTest" time="0.0">
    <ignored/>
  </testcase> <!-- bookingTest -->
</testsuite> <!-- Default test -->
